2020-06-29 16:20:48,816 0      [ost-startStop-1] INFO  work.web.context.ContextLoader  - Root WebApplicationContext: initialization started
2020-06-29 16:20:48,883 67     [ost-startStop-1] INFO  pport.XmlWebApplicationContext  - Refreshing Root WebApplicationContext: startup date [Mon Jun 29 16:20:48 CST 2020]; root of context hierarchy
2020-06-29 16:20:48,929 113    [ost-startStop-1] INFO  ry.xml.XmlBeanDefinitionReader  - Loading XML bean definitions from class path resource [applicationContext.xml]
2020-06-29 16:20:49,644 828    [ost-startStop-1] INFO  redAnnotationBeanPostProcessor  - JSR-330 'javax.inject.Inject' annotation found and supported for autowiring
2020-06-29 16:20:50,042 1226   [ost-startStop-1] INFO         com.mchange.v2.log.MLog  - MLog clients using log4j logging.
2020-06-29 16:20:50,122 1306   [ost-startStop-1] INFO  m.mchange.v2.c3p0.C3P0Registry  - Initializing c3p0-0.9.1.2 [built 21-May-2007 15:04:56; debug? true; trace: 10]
2020-06-29 16:21:12,136 0      [ost-startStop-1] INFO  work.web.context.ContextLoader  - Root WebApplicationContext: initialization started
2020-06-29 16:21:12,225 89     [ost-startStop-1] INFO  pport.XmlWebApplicationContext  - Refreshing Root WebApplicationContext: startup date [Mon Jun 29 16:21:12 CST 2020]; root of context hierarchy
2020-06-29 16:21:12,279 143    [ost-startStop-1] INFO  ry.xml.XmlBeanDefinitionReader  - Loading XML bean definitions from class path resource [applicationContext.xml]
2020-06-29 16:21:13,036 900    [ost-startStop-1] INFO  redAnnotationBeanPostProcessor  - JSR-330 'javax.inject.Inject' annotation found and supported for autowiring
2020-06-29 16:21:13,390 1254   [ost-startStop-1] INFO         com.mchange.v2.log.MLog  - MLog clients using log4j logging.
2020-06-29 16:21:13,495 1359   [ost-startStop-1] INFO  m.mchange.v2.c3p0.C3P0Registry  - Initializing c3p0-0.9.1.2 [built 21-May-2007 15:04:56; debug? true; trace: 10]
2020-06-29 16:21:14,897 2761   [ost-startStop-1] INFO  work.web.context.ContextLoader  - Root WebApplicationContext: initialization completed in 2759 ms
2020-06-29 16:21:15,021 2885   [ost-startStop-1] INFO  .web.servlet.DispatcherServlet  - FrameworkServlet 'dispatcherServlet': initialization started
2020-06-29 16:21:15,027 2891   [ost-startStop-1] INFO  pport.XmlWebApplicationContext  - Refreshing WebApplicationContext for namespace 'dispatcherServlet-servlet': startup date [Mon Jun 29 16:21:15 CST 2020]; parent: Root WebApplicationContext
2020-06-29 16:21:15,028 2892   [ost-startStop-1] INFO  ry.xml.XmlBeanDefinitionReader  - Loading XML bean definitions from class path resource [springmvc.xml]
2020-06-29 16:21:15,523 3387   [ost-startStop-1] INFO  redAnnotationBeanPostProcessor  - JSR-330 'javax.inject.Inject' annotation found and supported for autowiring
2020-06-29 16:21:16,045 3909   [ost-startStop-1] INFO  andler.SimpleUrlHandlerMapping  - Mapped URL path [/js/**] onto handler 'org.springframework.web.servlet.resource.ResourceHttpRequestHandler#0'
2020-06-29 16:21:16,076 3940   [ost-startStop-1] INFO  andler.SimpleUrlHandlerMapping  - Mapped URL path [/css/**] onto handler 'org.springframework.web.servlet.resource.ResourceHttpRequestHandler#1'
2020-06-29 16:21:16,090 3954   [ost-startStop-1] INFO  andler.SimpleUrlHandlerMapping  - Mapped URL path [/images/**] onto handler 'org.springframework.web.servlet.resource.ResourceHttpRequestHandler#2'
2020-06-29 16:21:16,097 3961   [ost-startStop-1] INFO  andler.SimpleUrlHandlerMapping  - Mapped URL path [/img/**] onto handler 'org.springframework.web.servlet.resource.ResourceHttpRequestHandler#3'
2020-06-29 16:21:16,103 3967   [ost-startStop-1] INFO  andler.SimpleUrlHandlerMapping  - Mapped URL path [/video/**] onto handler 'org.springframework.web.servlet.resource.ResourceHttpRequestHandler#4'
2020-06-29 16:21:16,167 4031   [ost-startStop-1] INFO  n.RequestMappingHandlerMapping  - Mapped "{[/user/cs]}" onto public java.lang.String top.lx.controller.MusicController.cs()
2020-06-29 16:21:16,170 4034   [ost-startStop-1] INFO  n.RequestMappingHandlerMapping  - Mapped "{[/user/register]}" onto protected java.lang.String top.lx.controller.MusicController.service(top.lx.domain.User,javax.servlet.http.HttpServletRequest,javax.servlet.http.HttpServletResponse) throws javax.servlet.ServletException,java.io.IOException
2020-06-29 16:21:16,170 4034   [ost-startStop-1] INFO  n.RequestMappingHandlerMapping  - Mapped "{[/user/login]}" onto public java.lang.String top.lx.controller.MusicController.login(top.lx.domain.User,javax.servlet.http.HttpServletResponse,javax.servlet.http.HttpServletRequest)
2020-06-29 16:21:16,173 4037   [ost-startStop-1] INFO  n.RequestMappingHandlerMapping  - Mapped "{[/user/selectUser]}" onto public java.lang.Boolean top.lx.controller.MusicController.selectUser(java.lang.String,javax.servlet.http.HttpServletResponse,javax.servlet.http.HttpServletRequest)
2020-06-29 16:21:16,947 4811   [ost-startStop-1] INFO  n.RequestMappingHandlerAdapter  - Looking for @ControllerAdvice: WebApplicationContext for namespace 'dispatcherServlet-servlet': startup date [Mon Jun 29 16:21:15 CST 2020]; parent: Root WebApplicationContext
2020-06-29 16:21:17,078 4942   [ost-startStop-1] INFO  n.RequestMappingHandlerAdapter  - Looking for @ControllerAdvice: WebApplicationContext for namespace 'dispatcherServlet-servlet': startup date [Mon Jun 29 16:21:15 CST 2020]; parent: Root WebApplicationContext
2020-06-29 16:21:17,386 5250   [ost-startStop-1] INFO  .web.servlet.DispatcherServlet  - FrameworkServlet 'dispatcherServlet': initialization completed in 2365 ms
2020-06-29 16:23:35,016 0      [ost-startStop-1] INFO  work.web.context.ContextLoader  - Root WebApplicationContext: initialization started
2020-06-29 16:23:35,105 89     [ost-startStop-1] INFO  pport.XmlWebApplicationContext  - Refreshing Root WebApplicationContext: startup date [Mon Jun 29 16:23:35 CST 2020]; root of context hierarchy
2020-06-29 16:23:35,158 142    [ost-startStop-1] INFO  ry.xml.XmlBeanDefinitionReader  - Loading XML bean definitions from class path resource [applicationContext.xml]
2020-06-29 16:23:35,752 736    [ost-startStop-1] INFO  redAnnotationBeanPostProcessor  - JSR-330 'javax.inject.Inject' annotation found and supported for autowiring
2020-06-29 16:23:36,067 1051   [ost-startStop-1] INFO         com.mchange.v2.log.MLog  - MLog clients using log4j logging.
2020-06-29 16:23:36,164 1148   [ost-startStop-1] INFO  m.mchange.v2.c3p0.C3P0Registry  - Initializing c3p0-0.9.1.2 [built 21-May-2007 15:04:56; debug? true; trace: 10]
2020-06-29 16:23:37,555 2539   [ost-startStop-1] INFO  work.web.context.ContextLoader  - Root WebApplicationContext: initialization completed in 2537 ms
2020-06-29 16:23:37,697 2681   [ost-startStop-1] INFO  .web.servlet.DispatcherServlet  - FrameworkServlet 'dispatcherServlet': initialization started
2020-06-29 16:23:37,705 2689   [ost-startStop-1] INFO  pport.XmlWebApplicationContext  - Refreshing WebApplicationContext for namespace 'dispatcherServlet-servlet': startup date [Mon Jun 29 16:23:37 CST 2020]; parent: Root WebApplicationContext
2020-06-29 16:23:37,707 2691   [ost-startStop-1] INFO  ry.xml.XmlBeanDefinitionReader  - Loading XML bean definitions from class path resource [springmvc.xml]
2020-06-29 16:23:37,987 2971   [ost-startStop-1] INFO  ort.DefaultListableBeanFactory  - Overriding bean definition for bean 'org.springframework.web.servlet.mvc.method.annotation.RequestMappingHandlerMapping' with a different definition: replacing [Root bean: class [org.springframework.web.servlet.mvc.method.annotation.RequestMappingHandlerMapping]; scope=; abstract=false; lazyInit=false; autowireMode=0; dependencyCheck=0; autowireCandidate=true; primary=false; factoryBeanName=null; factoryMethodName=null; initMethodName=null; destroyMethodName=null] with [Root bean: class [org.springframework.web.servlet.mvc.method.annotation.RequestMappingHandlerMapping]; scope=; abstract=false; lazyInit=false; autowireMode=0; dependencyCheck=0; autowireCandidate=true; primary=false; factoryBeanName=null; factoryMethodName=null; initMethodName=null; destroyMethodName=null]
2020-06-29 16:23:37,988 2972   [ost-startStop-1] INFO  ort.DefaultListableBeanFactory  - Overriding bean definition for bean 'org.springframework.web.servlet.mvc.method.annotation.RequestMappingHandlerAdapter' with a different definition: replacing [Root bean: class [org.springframework.web.servlet.mvc.method.annotation.RequestMappingHandlerAdapter]; scope=; abstract=false; lazyInit=false; autowireMode=0; dependencyCheck=0; autowireCandidate=true; primary=false; factoryBeanName=null; factoryMethodName=null; initMethodName=null; destroyMethodName=null] with [Root bean: class [org.springframework.web.servlet.mvc.method.annotation.RequestMappingHandlerAdapter]; scope=; abstract=false; lazyInit=false; autowireMode=0; dependencyCheck=0; autowireCandidate=true; primary=false; factoryBeanName=null; factoryMethodName=null; initMethodName=null; destroyMethodName=null]
2020-06-29 16:23:37,988 2972   [ost-startStop-1] INFO  ort.DefaultListableBeanFactory  - Overriding bean definition for bean 'mvcUriComponentsContributor' with a different definition: replacing [Root bean: class [org.springframework.web.servlet.config.AnnotationDrivenBeanDefinitionParser$CompositeUriComponentsContributorFactoryBean]; scope=; abstract=false; lazyInit=false; autowireMode=0; dependencyCheck=0; autowireCandidate=true; primary=false; factoryBeanName=null; factoryMethodName=null; initMethodName=null; destroyMethodName=null] with [Root bean: class [org.springframework.web.servlet.config.AnnotationDrivenBeanDefinitionParser$CompositeUriComponentsContributorFactoryBean]; scope=; abstract=false; lazyInit=false; autowireMode=0; dependencyCheck=0; autowireCandidate=true; primary=false; factoryBeanName=null; factoryMethodName=null; initMethodName=null; destroyMethodName=null]
2020-06-29 16:23:38,183 3167   [ost-startStop-1] INFO  redAnnotationBeanPostProcessor  - JSR-330 'javax.inject.Inject' annotation found and supported for autowiring
2020-06-29 16:23:38,809 3793   [ost-startStop-1] INFO  n.RequestMappingHandlerMapping  - Mapped "{[/user/cs]}" onto public java.lang.String top.lx.controller.MusicController.cs()
2020-06-29 16:23:38,813 3797   [ost-startStop-1] INFO  n.RequestMappingHandlerMapping  - Mapped "{[/user/register]}" onto protected java.lang.String top.lx.controller.MusicController.service(top.lx.domain.User,javax.servlet.http.HttpServletRequest,javax.servlet.http.HttpServletResponse) throws javax.servlet.ServletException,java.io.IOException
2020-06-29 16:23:38,815 3799   [ost-startStop-1] INFO  n.RequestMappingHandlerMapping  - Mapped "{[/user/login]}" onto public java.lang.String top.lx.controller.MusicController.login(top.lx.domain.User,javax.servlet.http.HttpServletResponse,javax.servlet.http.HttpServletRequest)
2020-06-29 16:23:38,816 3800   [ost-startStop-1] INFO  n.RequestMappingHandlerMapping  - Mapped "{[/user/selectUser]}" onto public java.lang.Boolean top.lx.controller.MusicController.selectUser(java.lang.String,javax.servlet.http.HttpServletResponse,javax.servlet.http.HttpServletRequest)
2020-06-29 16:23:39,416 4400   [ost-startStop-1] INFO  n.RequestMappingHandlerAdapter  - Looking for @ControllerAdvice: WebApplicationContext for namespace 'dispatcherServlet-servlet': startup date [Mon Jun 29 16:23:37 CST 2020]; parent: Root WebApplicationContext
2020-06-29 16:23:39,516 4500   [ost-startStop-1] INFO  n.RequestMappingHandlerAdapter  - Looking for @ControllerAdvice: WebApplicationContext for namespace 'dispatcherServlet-servlet': startup date [Mon Jun 29 16:23:37 CST 2020]; parent: Root WebApplicationContext
2020-06-29 16:23:39,680 4664   [ost-startStop-1] INFO  andler.SimpleUrlHandlerMapping  - Mapped URL path [/js/**] onto handler 'org.springframework.web.servlet.resource.ResourceHttpRequestHandler#0'
2020-06-29 16:23:39,685 4669   [ost-startStop-1] INFO  andler.SimpleUrlHandlerMapping  - Mapped URL path [/css/**] onto handler 'org.springframework.web.servlet.resource.ResourceHttpRequestHandler#1'
2020-06-29 16:23:39,691 4675   [ost-startStop-1] INFO  andler.SimpleUrlHandlerMapping  - Mapped URL path [/images/**] onto handler 'org.springframework.web.servlet.resource.ResourceHttpRequestHandler#2'
2020-06-29 16:23:39,697 4681   [ost-startStop-1] INFO  andler.SimpleUrlHandlerMapping  - Mapped URL path [/img/**] onto handler 'org.springframework.web.servlet.resource.ResourceHttpRequestHandler#3'
2020-06-29 16:23:39,704 4688   [ost-startStop-1] INFO  andler.SimpleUrlHandlerMapping  - Mapped URL path [/video/**] onto handler 'org.springframework.web.servlet.resource.ResourceHttpRequestHandler#4'
2020-06-29 16:23:39,807 4791   [ost-startStop-1] INFO  .web.servlet.DispatcherServlet  - FrameworkServlet 'dispatcherServlet': initialization completed in 2109 ms
2020-06-29 16:24:18,946 0      [ost-startStop-1] INFO  work.web.context.ContextLoader  - Root WebApplicationContext: initialization started
2020-06-29 16:24:19,042 96     [ost-startStop-1] INFO  pport.XmlWebApplicationContext  - Refreshing Root WebApplicationContext: startup date [Mon Jun 29 16:24:19 CST 2020]; root of context hierarchy
2020-06-29 16:24:19,100 154    [ost-startStop-1] INFO  ry.xml.XmlBeanDefinitionReader  - Loading XML bean definitions from class path resource [applicationContext.xml]
2020-06-29 16:24:19,857 911    [ost-startStop-1] INFO  redAnnotationBeanPostProcessor  - JSR-330 'javax.inject.Inject' annotation found and supported for autowiring
2020-06-29 16:24:20,124 1178   [ost-startStop-1] INFO         com.mchange.v2.log.MLog  - MLog clients using log4j logging.
2020-06-29 16:24:20,207 1261   [ost-startStop-1] INFO  m.mchange.v2.c3p0.C3P0Registry  - Initializing c3p0-0.9.1.2 [built 21-May-2007 15:04:56; debug? true; trace: 10]
2020-06-29 16:24:21,520 2574   [ost-startStop-1] INFO  work.web.context.ContextLoader  - Root WebApplicationContext: initialization completed in 2571 ms
2020-06-29 16:24:21,600 2654   [ost-startStop-1] INFO  .web.servlet.DispatcherServlet  - FrameworkServlet 'dispatcherServlet': initialization started
2020-06-29 16:24:21,603 2657   [ost-startStop-1] INFO  pport.XmlWebApplicationContext  - Refreshing WebApplicationContext for namespace 'dispatcherServlet-servlet': startup date [Mon Jun 29 16:24:21 CST 2020]; parent: Root WebApplicationContext
2020-06-29 16:24:21,604 2658   [ost-startStop-1] INFO  ry.xml.XmlBeanDefinitionReader  - Loading XML bean definitions from class path resource [springmvc.xml]
2020-06-29 16:24:21,836 2890   [ost-startStop-1] INFO  ort.DefaultListableBeanFactory  - Overriding bean definition for bean 'org.springframework.web.servlet.mvc.method.annotation.RequestMappingHandlerMapping' with a different definition: replacing [Root bean: class [org.springframework.web.servlet.mvc.method.annotation.RequestMappingHandlerMapping]; scope=; abstract=false; lazyInit=false; autowireMode=0; dependencyCheck=0; autowireCandidate=true; primary=false; factoryBeanName=null; factoryMethodName=null; initMethodName=null; destroyMethodName=null] with [Root bean: class [org.springframework.web.servlet.mvc.method.annotation.RequestMappingHandlerMapping]; scope=; abstract=false; lazyInit=false; autowireMode=0; dependencyCheck=0; autowireCandidate=true; primary=false; factoryBeanName=null; factoryMethodName=null; initMethodName=null; destroyMethodName=null]
2020-06-29 16:24:21,836 2890   [ost-startStop-1] INFO  ort.DefaultListableBeanFactory  - Overriding bean definition for bean 'org.springframework.web.servlet.mvc.method.annotation.RequestMappingHandlerAdapter' with a different definition: replacing [Root bean: class [org.springframework.web.servlet.mvc.method.annotation.RequestMappingHandlerAdapter]; scope=; abstract=false; lazyInit=false; autowireMode=0; dependencyCheck=0; autowireCandidate=true; primary=false; factoryBeanName=null; factoryMethodName=null; initMethodName=null; destroyMethodName=null] with [Root bean: class [org.springframework.web.servlet.mvc.method.annotation.RequestMappingHandlerAdapter]; scope=; abstract=false; lazyInit=false; autowireMode=0; dependencyCheck=0; autowireCandidate=true; primary=false; factoryBeanName=null; factoryMethodName=null; initMethodName=null; destroyMethodName=null]
2020-06-29 16:24:21,837 2891   [ost-startStop-1] INFO  ort.DefaultListableBeanFactory  - Overriding bean definition for bean 'mvcUriComponentsContributor' with a different definition: replacing [Root bean: class [org.springframework.web.servlet.config.AnnotationDrivenBeanDefinitionParser$CompositeUriComponentsContributorFactoryBean]; scope=; abstract=false; lazyInit=false; autowireMode=0; dependencyCheck=0; autowireCandidate=true; primary=false; factoryBeanName=null; factoryMethodName=null; initMethodName=null; destroyMethodName=null] with [Root bean: class [org.springframework.web.servlet.config.AnnotationDrivenBeanDefinitionParser$CompositeUriComponentsContributorFactoryBean]; scope=; abstract=false; lazyInit=false; autowireMode=0; dependencyCheck=0; autowireCandidate=true; primary=false; factoryBeanName=null; factoryMethodName=null; initMethodName=null; destroyMethodName=null]
2020-06-29 16:24:22,070 3124   [ost-startStop-1] INFO  redAnnotationBeanPostProcessor  - JSR-330 'javax.inject.Inject' annotation found and supported for autowiring
2020-06-29 16:24:23,253 4307   [ost-startStop-1] INFO  n.RequestMappingHandlerMapping  - Mapped "{[/user/cs]}" onto public java.lang.String top.lx.controller.MusicController.cs()
2020-06-29 16:24:23,255 4309   [ost-startStop-1] INFO  n.RequestMappingHandlerMapping  - Mapped "{[/user/register]}" onto protected java.lang.String top.lx.controller.MusicController.service(top.lx.domain.User,javax.servlet.http.HttpServletRequest,javax.servlet.http.HttpServletResponse) throws javax.servlet.ServletException,java.io.IOException
2020-06-29 16:24:23,260 4314   [ost-startStop-1] INFO  n.RequestMappingHandlerMapping  - Mapped "{[/user/login]}" onto public java.lang.String top.lx.controller.MusicController.login(top.lx.domain.User,javax.servlet.http.HttpServletResponse,javax.servlet.http.HttpServletRequest)
2020-06-29 16:24:23,262 4316   [ost-startStop-1] INFO  n.RequestMappingHandlerMapping  - Mapped "{[/user/selectUser]}" onto public java.lang.Boolean top.lx.controller.MusicController.selectUser(java.lang.String,javax.servlet.http.HttpServletResponse,javax.servlet.http.HttpServletRequest)
2020-06-29 16:24:23,831 4885   [ost-startStop-1] INFO  n.RequestMappingHandlerAdapter  - Looking for @ControllerAdvice: WebApplicationContext for namespace 'dispatcherServlet-servlet': startup date [Mon Jun 29 16:24:21 CST 2020]; parent: Root WebApplicationContext
2020-06-29 16:24:23,926 4980   [ost-startStop-1] INFO  n.RequestMappingHandlerAdapter  - Looking for @ControllerAdvice: WebApplicationContext for namespace 'dispatcherServlet-servlet': startup date [Mon Jun 29 16:24:21 CST 2020]; parent: Root WebApplicationContext
2020-06-29 16:24:24,302 5356   [ost-startStop-1] INFO  andler.SimpleUrlHandlerMapping  - Mapped URL path [/js/**] onto handler 'org.springframework.web.servlet.resource.ResourceHttpRequestHandler#0'
2020-06-29 16:24:24,312 5366   [ost-startStop-1] INFO  andler.SimpleUrlHandlerMapping  - Mapped URL path [/css/**] onto handler 'org.springframework.web.servlet.resource.ResourceHttpRequestHandler#1'
2020-06-29 16:24:24,328 5382   [ost-startStop-1] INFO  andler.SimpleUrlHandlerMapping  - Mapped URL path [/images/**] onto handler 'org.springframework.web.servlet.resource.ResourceHttpRequestHandler#2'
2020-06-29 16:24:24,355 5409   [ost-startStop-1] INFO  andler.SimpleUrlHandlerMapping  - Mapped URL path [/img/**] onto handler 'org.springframework.web.servlet.resource.ResourceHttpRequestHandler#3'
2020-06-29 16:24:24,370 5424   [ost-startStop-1] INFO  andler.SimpleUrlHandlerMapping  - Mapped URL path [/video/**] onto handler 'org.springframework.web.servlet.resource.ResourceHttpRequestHandler#4'
2020-06-29 16:24:24,900 5954   [ost-startStop-1] INFO  .web.servlet.DispatcherServlet  - FrameworkServlet 'dispatcherServlet': initialization completed in 3300 ms
2020-06-29 16:27:44,114 0      [ost-startStop-1] INFO  work.web.context.ContextLoader  - Root WebApplicationContext: initialization started
2020-06-29 16:27:44,468 354    [ost-startStop-1] INFO  pport.XmlWebApplicationContext  - Refreshing Root WebApplicationContext: startup date [Mon Jun 29 16:27:44 CST 2020]; root of context hierarchy
2020-06-29 16:27:44,670 556    [ost-startStop-1] INFO  ry.xml.XmlBeanDefinitionReader  - Loading XML bean definitions from class path resource [applicationContext.xml]
2020-06-29 16:27:45,858 1744   [ost-startStop-1] INFO  redAnnotationBeanPostProcessor  - JSR-330 'javax.inject.Inject' annotation found and supported for autowiring
2020-06-29 16:27:46,209 2095   [ost-startStop-1] INFO         com.mchange.v2.log.MLog  - MLog clients using log4j logging.
2020-06-29 16:27:46,288 2174   [ost-startStop-1] INFO  m.mchange.v2.c3p0.C3P0Registry  - Initializing c3p0-0.9.1.2 [built 21-May-2007 15:04:56; debug? true; trace: 10]
2020-06-29 16:27:47,316 3202   [ost-startStop-1] INFO  work.web.context.ContextLoader  - Root WebApplicationContext: initialization completed in 3200 ms
2020-06-29 16:27:47,372 3258   [ost-startStop-1] INFO  .web.servlet.DispatcherServlet  - FrameworkServlet 'dispatcherServlet': initialization started
2020-06-29 16:27:47,382 3268   [ost-startStop-1] INFO  pport.XmlWebApplicationContext  - Refreshing WebApplicationContext for namespace 'dispatcherServlet-servlet': startup date [Mon Jun 29 16:27:47 CST 2020]; parent: Root WebApplicationContext
2020-06-29 16:27:47,383 3269   [ost-startStop-1] INFO  ry.xml.XmlBeanDefinitionReader  - Loading XML bean definitions from class path resource [springmvc.xml]
2020-06-29 16:27:47,583 3469   [ost-startStop-1] INFO  ort.DefaultListableBeanFactory  - Overriding bean definition for bean 'org.springframework.web.servlet.mvc.method.annotation.RequestMappingHandlerMapping' with a different definition: replacing [Root bean: class [org.springframework.web.servlet.mvc.method.annotation.RequestMappingHandlerMapping]; scope=; abstract=false; lazyInit=false; autowireMode=0; dependencyCheck=0; autowireCandidate=true; primary=false; factoryBeanName=null; factoryMethodName=null; initMethodName=null; destroyMethodName=null] with [Root bean: class [org.springframework.web.servlet.mvc.method.annotation.RequestMappingHandlerMapping]; scope=; abstract=false; lazyInit=false; autowireMode=0; dependencyCheck=0; autowireCandidate=true; primary=false; factoryBeanName=null; factoryMethodName=null; initMethodName=null; destroyMethodName=null]
2020-06-29 16:27:47,584 3470   [ost-startStop-1] INFO  ort.DefaultListableBeanFactory  - Overriding bean definition for bean 'org.springframework.web.servlet.mvc.method.annotation.RequestMappingHandlerAdapter' with a different definition: replacing [Root bean: class [org.springframework.web.servlet.mvc.method.annotation.RequestMappingHandlerAdapter]; scope=; abstract=false; lazyInit=false; autowireMode=0; dependencyCheck=0; autowireCandidate=true; primary=false; factoryBeanName=null; factoryMethodName=null; initMethodName=null; destroyMethodName=null] with [Root bean: class [org.springframework.web.servlet.mvc.method.annotation.RequestMappingHandlerAdapter]; scope=; abstract=false; lazyInit=false; autowireMode=0; dependencyCheck=0; autowireCandidate=true; primary=false; factoryBeanName=null; factoryMethodName=null; initMethodName=null; destroyMethodName=null]
2020-06-29 16:27:47,585 3471   [ost-startStop-1] INFO  ort.DefaultListableBeanFactory  - Overriding bean definition for bean 'mvcUriComponentsContributor' with a different definition: replacing [Root bean: class [org.springframework.web.servlet.config.AnnotationDrivenBeanDefinitionParser$CompositeUriComponentsContributorFactoryBean]; scope=; abstract=false; lazyInit=false; autowireMode=0; dependencyCheck=0; autowireCandidate=true; primary=false; factoryBeanName=null; factoryMethodName=null; initMethodName=null; destroyMethodName=null] with [Root bean: class [org.springframework.web.servlet.config.AnnotationDrivenBeanDefinitionParser$CompositeUriComponentsContributorFactoryBean]; scope=; abstract=false; lazyInit=false; autowireMode=0; dependencyCheck=0; autowireCandidate=true; primary=false; factoryBeanName=null; factoryMethodName=null; initMethodName=null; destroyMethodName=null]
2020-06-29 16:27:47,722 3608   [ost-startStop-1] INFO  redAnnotationBeanPostProcessor  - JSR-330 'javax.inject.Inject' annotation found and supported for autowiring
2020-06-29 16:27:48,040 3926   [ost-startStop-1] INFO  n.RequestMappingHandlerMapping  - Mapped "{[/user/cs]}" onto public java.lang.String top.lx.controller.MusicController.cs()
2020-06-29 16:27:48,042 3928   [ost-startStop-1] INFO  n.RequestMappingHandlerMapping  - Mapped "{[/user/register]}" onto protected java.lang.String top.lx.controller.MusicController.service(top.lx.domain.User,javax.servlet.http.HttpServletRequest,javax.servlet.http.HttpServletResponse) throws javax.servlet.ServletException,java.io.IOException
2020-06-29 16:27:48,043 3929   [ost-startStop-1] INFO  n.RequestMappingHandlerMapping  - Mapped "{[/user/login]}" onto public java.lang.String top.lx.controller.MusicController.login(top.lx.domain.User,javax.servlet.http.HttpServletResponse,javax.servlet.http.HttpServletRequest)
2020-06-29 16:27:48,044 3930   [ost-startStop-1] INFO  n.RequestMappingHandlerMapping  - Mapped "{[/user/selectUser]}" onto public java.lang.Boolean top.lx.controller.MusicController.selectUser(java.lang.String,javax.servlet.http.HttpServletResponse,javax.servlet.http.HttpServletRequest)
2020-06-29 16:27:48,761 4647   [ost-startStop-1] INFO  n.RequestMappingHandlerAdapter  - Looking for @ControllerAdvice: WebApplicationContext for namespace 'dispatcherServlet-servlet': startup date [Mon Jun 29 16:27:47 CST 2020]; parent: Root WebApplicationContext
2020-06-29 16:27:48,877 4763   [ost-startStop-1] INFO  n.RequestMappingHandlerAdapter  - Looking for @ControllerAdvice: WebApplicationContext for namespace 'dispatcherServlet-servlet': startup date [Mon Jun 29 16:27:47 CST 2020]; parent: Root WebApplicationContext
2020-06-29 16:27:49,365 5251   [ost-startStop-1] INFO  andler.SimpleUrlHandlerMapping  - Mapped URL path [/js/**] onto handler 'org.springframework.web.servlet.resource.ResourceHttpRequestHandler#0'
2020-06-29 16:27:49,399 5285   [ost-startStop-1] INFO  andler.SimpleUrlHandlerMapping  - Mapped URL path [/css/**] onto handler 'org.springframework.web.servlet.resource.ResourceHttpRequestHandler#1'
2020-06-29 16:27:49,404 5290   [ost-startStop-1] INFO  andler.SimpleUrlHandlerMapping  - Mapped URL path [/images/**] onto handler 'org.springframework.web.servlet.resource.ResourceHttpRequestHandler#2'
2020-06-29 16:27:49,413 5299   [ost-startStop-1] INFO  andler.SimpleUrlHandlerMapping  - Mapped URL path [/img/**] onto handler 'org.springframework.web.servlet.resource.ResourceHttpRequestHandler#3'
2020-06-29 16:27:49,421 5307   [ost-startStop-1] INFO  andler.SimpleUrlHandlerMapping  - Mapped URL path [/video/**] onto handler 'org.springframework.web.servlet.resource.ResourceHttpRequestHandler#4'
2020-06-29 16:27:49,614 5500   [ost-startStop-1] INFO  .web.servlet.DispatcherServlet  - FrameworkServlet 'dispatcherServlet': initialization completed in 2242 ms
2020-06-29 21:57:38,431 0      [ost-startStop-1] INFO  work.web.context.ContextLoader  - Root WebApplicationContext: initialization started
2020-06-29 21:57:38,520 89     [ost-startStop-1] INFO  pport.XmlWebApplicationContext  - Refreshing Root WebApplicationContext: startup date [Mon Jun 29 21:57:38 CST 2020]; root of context hierarchy
2020-06-29 21:57:38,593 162    [ost-startStop-1] INFO  ry.xml.XmlBeanDefinitionReader  - Loading XML bean definitions from class path resource [applicationContext.xml]
2020-06-29 21:57:39,131 700    [ost-startStop-1] INFO  redAnnotationBeanPostProcessor  - JSR-330 'javax.inject.Inject' annotation found and supported for autowiring
2020-06-29 21:57:39,322 891    [ost-startStop-1] INFO         com.mchange.v2.log.MLog  - MLog clients using log4j logging.
2020-06-29 21:57:39,379 948    [ost-startStop-1] INFO  m.mchange.v2.c3p0.C3P0Registry  - Initializing c3p0-0.9.1.2 [built 21-May-2007 15:04:56; debug? true; trace: 10]
2020-06-29 21:57:39,933 1502   [ost-startStop-1] INFO  work.web.context.ContextLoader  - Root WebApplicationContext: initialization completed in 1499 ms
2020-06-29 21:57:39,974 1543   [ost-startStop-1] INFO  .web.servlet.DispatcherServlet  - FrameworkServlet 'dispatcherServlet': initialization started
2020-06-29 21:57:39,977 1546   [ost-startStop-1] INFO  pport.XmlWebApplicationContext  - Refreshing WebApplicationContext for namespace 'dispatcherServlet-servlet': startup date [Mon Jun 29 21:57:39 CST 2020]; parent: Root WebApplicationContext
2020-06-29 21:57:39,978 1547   [ost-startStop-1] INFO  ry.xml.XmlBeanDefinitionReader  - Loading XML bean definitions from class path resource [springmvc.xml]
2020-06-29 21:57:40,094 1663   [ost-startStop-1] INFO  ort.DefaultListableBeanFactory  - Overriding bean definition for bean 'org.springframework.web.servlet.mvc.method.annotation.RequestMappingHandlerMapping' with a different definition: replacing [Root bean: class [org.springframework.web.servlet.mvc.method.annotation.RequestMappingHandlerMapping]; scope=; abstract=false; lazyInit=false; autowireMode=0; dependencyCheck=0; autowireCandidate=true; primary=false; factoryBeanName=null; factoryMethodName=null; initMethodName=null; destroyMethodName=null] with [Root bean: class [org.springframework.web.servlet.mvc.method.annotation.RequestMappingHandlerMapping]; scope=; abstract=false; lazyInit=false; autowireMode=0; dependencyCheck=0; autowireCandidate=true; primary=false; factoryBeanName=null; factoryMethodName=null; initMethodName=null; destroyMethodName=null]
2020-06-29 21:57:40,095 1664   [ost-startStop-1] INFO  ort.DefaultListableBeanFactory  - Overriding bean definition for bean 'org.springframework.web.servlet.mvc.method.annotation.RequestMappingHandlerAdapter' with a different definition: replacing [Root bean: class [org.springframework.web.servlet.mvc.method.annotation.RequestMappingHandlerAdapter]; scope=; abstract=false; lazyInit=false; autowireMode=0; dependencyCheck=0; autowireCandidate=true; primary=false; factoryBeanName=null; factoryMethodName=null; initMethodName=null; destroyMethodName=null] with [Root bean: class [org.springframework.web.servlet.mvc.method.annotation.RequestMappingHandlerAdapter]; scope=; abstract=false; lazyInit=false; autowireMode=0; dependencyCheck=0; autowireCandidate=true; primary=false; factoryBeanName=null; factoryMethodName=null; initMethodName=null; destroyMethodName=null]
2020-06-29 21:57:40,096 1665   [ost-startStop-1] INFO  ort.DefaultListableBeanFactory  - Overriding bean definition for bean 'mvcUriComponentsContributor' with a different definition: replacing [Root bean: class [org.springframework.web.servlet.config.AnnotationDrivenBeanDefinitionParser$CompositeUriComponentsContributorFactoryBean]; scope=; abstract=false; lazyInit=false; autowireMode=0; dependencyCheck=0; autowireCandidate=true; primary=false; factoryBeanName=null; factoryMethodName=null; initMethodName=null; destroyMethodName=null] with [Root bean: class [org.springframework.web.servlet.config.AnnotationDrivenBeanDefinitionParser$CompositeUriComponentsContributorFactoryBean]; scope=; abstract=false; lazyInit=false; autowireMode=0; dependencyCheck=0; autowireCandidate=true; primary=false; factoryBeanName=null; factoryMethodName=null; initMethodName=null; destroyMethodName=null]
2020-06-29 21:57:40,158 1727   [ost-startStop-1] INFO  redAnnotationBeanPostProcessor  - JSR-330 'javax.inject.Inject' annotation found and supported for autowiring
2020-06-29 21:57:40,458 2027   [ost-startStop-1] INFO  n.RequestMappingHandlerMapping  - Mapped "{[/user/register],produces=[text/html;charset=UTF-8]}" onto protected java.lang.String top.lx.controller.MusicController.register(top.lx.domain.User,javax.servlet.http.HttpServletRequest,javax.servlet.http.HttpServletResponse) throws javax.servlet.ServletException,java.io.IOException,java.lang.InterruptedException
2020-06-29 21:57:40,459 2028   [ost-startStop-1] INFO  n.RequestMappingHandlerMapping  - Mapped "{[/user/cs],produces=[text/html;charset=UTF-8]}" onto public java.lang.String top.lx.controller.MusicController.cs()
2020-06-29 21:57:40,460 2029   [ost-startStop-1] INFO  n.RequestMappingHandlerMapping  - Mapped "{[/user/login]}" onto public java.lang.String top.lx.controller.MusicController.login(top.lx.domain.User,javax.servlet.http.HttpServletResponse,javax.servlet.http.HttpServletRequest) throws java.io.IOException,java.lang.InterruptedException
2020-06-29 21:57:40,461 2030   [ost-startStop-1] INFO  n.RequestMappingHandlerMapping  - Mapped "{[/user/selectUser]}" onto public java.lang.Boolean top.lx.controller.MusicController.selectUser(java.lang.String,javax.servlet.http.HttpServletResponse,javax.servlet.http.HttpServletRequest)
2020-06-29 21:57:41,077 2646   [ost-startStop-1] INFO  n.RequestMappingHandlerAdapter  - Looking for @ControllerAdvice: WebApplicationContext for namespace 'dispatcherServlet-servlet': startup date [Mon Jun 29 21:57:39 CST 2020]; parent: Root WebApplicationContext
2020-06-29 21:57:41,149 2718   [ost-startStop-1] INFO  n.RequestMappingHandlerAdapter  - Looking for @ControllerAdvice: WebApplicationContext for namespace 'dispatcherServlet-servlet': startup date [Mon Jun 29 21:57:39 CST 2020]; parent: Root WebApplicationContext
2020-06-29 21:57:41,262 2831   [ost-startStop-1] INFO  andler.SimpleUrlHandlerMapping  - Mapped URL path [/js/**] onto handler 'org.springframework.web.servlet.resource.ResourceHttpRequestHandler#0'
2020-06-29 21:57:41,269 2838   [ost-startStop-1] INFO  andler.SimpleUrlHandlerMapping  - Mapped URL path [/css/**] onto handler 'org.springframework.web.servlet.resource.ResourceHttpRequestHandler#1'
2020-06-29 21:57:41,276 2845   [ost-startStop-1] INFO  andler.SimpleUrlHandlerMapping  - Mapped URL path [/images/**] onto handler 'org.springframework.web.servlet.resource.ResourceHttpRequestHandler#2'
2020-06-29 21:57:41,290 2859   [ost-startStop-1] INFO  andler.SimpleUrlHandlerMapping  - Mapped URL path [/img/**] onto handler 'org.springframework.web.servlet.resource.ResourceHttpRequestHandler#3'
2020-06-29 21:57:41,296 2865   [ost-startStop-1] INFO  andler.SimpleUrlHandlerMapping  - Mapped URL path [/video/**] onto handler 'org.springframework.web.servlet.resource.ResourceHttpRequestHandler#4'
2020-06-29 21:57:41,382 2951   [ost-startStop-1] INFO  .web.servlet.DispatcherServlet  - FrameworkServlet 'dispatcherServlet': initialization completed in 1407 ms
